Using TensorFlow backend.
training the top model
(1152, 6, 6, 512)
(1152, 21)
(288, 6, 6, 512)
(288, 21)
Train on 1152 samples, validate on 288 samples
Epoch 1/20
1152/1152 [==============================] - 17s - loss: 3.7184 - acc: 0.2309 - val_loss: 1.5696 - val_acc: 0.5069
Epoch 2/20
1152/1152 [==============================] - 17s - loss: 1.7444 - acc: 0.4306 - val_loss: 1.1125 - val_acc: 0.6250
Epoch 3/20
1152/1152 [==============================] - 18s - loss: 1.4550 - acc: 0.5226 - val_loss: 0.8640 - val_acc: 0.6875
Epoch 4/20
1152/1152 [==============================] - 20s - loss: 1.1497 - acc: 0.6085 - val_loss: 0.9907 - val_acc: 0.7083
Epoch 5/20
1152/1152 [==============================] - 21s - loss: 1.0092 - acc: 0.6589 - val_loss: 0.6152 - val_acc: 0.7847
Epoch 6/20
1152/1152 [==============================] - 21s - loss: 0.9943 - acc: 0.6953 - val_loss: 0.5913 - val_acc: 0.7847
Epoch 7/20
1152/1152 [==============================] - 21s - loss: 0.8675 - acc: 0.7075 - val_loss: 0.7292 - val_acc: 0.7917
Epoch 8/20
1152/1152 [==============================] - 21s - loss: 0.8566 - acc: 0.7283 - val_loss: 0.5850 - val_acc: 0.8333
Epoch 9/20
1152/1152 [==============================] - 21s - loss: 0.7185 - acc: 0.7509 - val_loss: 1.2415 - val_acc: 0.7083
Epoch 10/20
1152/1152 [==============================] - 21s - loss: 0.6836 - acc: 0.7682 - val_loss: 0.9080 - val_acc: 0.7708
Epoch 11/20
1152/1152 [==============================] - 22s - loss: 0.7027 - acc: 0.7604 - val_loss: 0.7720 - val_acc: 0.7986
Epoch 12/20
1152/1152 [==============================] - 22s - loss: 0.6242 - acc: 0.8012 - val_loss: 0.6787 - val_acc: 0.8333
Epoch 13/20
1152/1152 [==============================] - 22s - loss: 0.5720 - acc: 0.8238 - val_loss: 0.7979 - val_acc: 0.7847
Epoch 14/20
1152/1152 [==============================] - 21s - loss: 0.5702 - acc: 0.8186 - val_loss: 1.0029 - val_acc: 0.7778
Epoch 15/20
1152/1152 [==============================] - 21s - loss: 0.5734 - acc: 0.8212 - val_loss: 0.6922 - val_acc: 0.8403
Epoch 16/20
1152/1152 [==============================] - 21s - loss: 0.4771 - acc: 0.8351 - val_loss: 1.0405 - val_acc: 0.7986
Epoch 17/20
1152/1152 [==============================] - 22s - loss: 0.5103 - acc: 0.8455 - val_loss: 0.9226 - val_acc: 0.7847
Epoch 18/20
1152/1152 [==============================] - 21s - loss: 0.4617 - acc: 0.8585 - val_loss: 0.8290 - val_acc: 0.8333
Epoch 19/20
1152/1152 [==============================] - 22s - loss: 0.4432 - acc: 0.8594 - val_loss: 0.7482 - val_acc: 0.8264
Epoch 20/20
1152/1152 [==============================] - 22s - loss: 0.5049 - acc: 0.8498 - val_loss: 0.9646 - val_acc: 0.7986
